C:\USERS\Владимир\DESKTOP\VS2012\BITFIELD\BITFIELD\DEBUG\MAIN.OBJ
C:\USERS\Владимир\DESKTOP\VS2012\BITFIELD\BITFIELD\DEBUG\TBITFIELD.OBJ
C:\USERS\ВЛАДИМИР\DESKTOP\VS2012\BITFIELD\BITFIELD\DEBUG\VC110.PDB
C:\USERS\Владимир\DESKTOP\VS2012\BITFIELD\BITFIELD\DEBUG\TSET.OBJ
C:\USERS\Владимир\DESKTOP\VS2012\BITFIELD\DEBUG\BITFIELD.ILK
C:\USERS\Владимир\DESKTOP\VS2012\BITFIELD\DEBUG\BITFIELD.EXE
C:\USERS\ВЛАДИМИР\DESKTOP\VS2012\BITFIELD\DEBUG\BITFIELD.PDB
C:\Users\Владимир\Desktop\VS2012\BitField\BitField\Debug\main.obj
C:\Users\Владимир\Desktop\VS2012\BitField\BitField\Debug\TBitField.obj
C:\Users\Владимир\Desktop\VS2012\BitField\BitField\Debug\Tset.obj
C:\Users\Владимир\Desktop\VS2012\BitField\BitField\Debug\cl.command.1.tlog
C:\Users\Владимир\Desktop\VS2012\BitField\BitField\Debug\CL.read.1.tlog
C:\Users\Владимир\Desktop\VS2012\BitField\BitField\Debug\CL.write.1.tlog
C:\Users\Владимир\Desktop\VS2012\BitField\BitField\Debug\link-cvtres.read.1.tlog
C:\Users\Владимир\Desktop\VS2012\BitField\BitField\Debug\link-cvtres.write.1.tlog
C:\Users\Владимир\Desktop\VS2012\BitField\BitField\Debug\link-rc.read.1.tlog
C:\Users\Владимир\Desktop\VS2012\BitField\BitField\Debug\link-rc.write.1.tlog
C:\Users\Владимир\Desktop\VS2012\BitField\BitField\Debug\link.1828-cvtres.read.1.tlog
C:\Users\Владимир\Desktop\VS2012\BitField\BitField\Debug\link.1828-cvtres.write.1.tlog
C:\Users\Владимир\Desktop\VS2012\BitField\BitField\Debug\link.1828-rc.read.1.tlog
C:\Users\Владимир\Desktop\VS2012\BitField\BitField\Debug\link.1828-rc.write.1.tlog
C:\Users\Владимир\Desktop\VS2012\BitField\BitField\Debug\link.1828.read.1.tlog
C:\Users\Владимир\Desktop\VS2012\BitField\BitField\Debug\link.1828.write.1.tlog
C:\Users\Владимир\Desktop\VS2012\BitField\BitField\Debug\link.2028-cvtres.read.1.tlog
C:\Users\Владимир\Desktop\VS2012\BitField\BitField\Debug\link.2028-cvtres.write.1.tlog
C:\Users\Владимир\Desktop\VS2012\BitField\BitField\Debug\link.2028-rc.read.1.tlog
C:\Users\Владимир\Desktop\VS2012\BitField\BitField\Debug\link.2028-rc.write.1.tlog
C:\Users\Владимир\Desktop\VS2012\BitField\BitField\Debug\link.2028.read.1.tlog
C:\Users\Владимир\Desktop\VS2012\BitField\BitField\Debug\link.2028.write.1.tlog
C:\Users\Владимир\Desktop\VS2012\BitField\BitField\Debug\link.2052-cvtres.read.1.tlog
C:\Users\Владимир\Desktop\VS2012\BitField\BitField\Debug\link.2052-cvtres.write.1.tlog
C:\Users\Владимир\Desktop\VS2012\BitField\BitField\Debug\link.2052-rc.read.1.tlog
C:\Users\Владимир\Desktop\VS2012\BitField\BitField\Debug\link.2052-rc.write.1.tlog
C:\Users\Владимир\Desktop\VS2012\BitField\BitField\Debug\link.2052.read.1.tlog
C:\Users\Владимир\Desktop\VS2012\BitField\BitField\Debug\link.2052.write.1.tlog
C:\Users\Владимир\Desktop\VS2012\BitField\BitField\Debug\link.3676-cvtres.read.1.tlog
C:\Users\Владимир\Desktop\VS2012\BitField\BitField\Debug\link.3676-cvtres.write.1.tlog
C:\Users\Владимир\Desktop\VS2012\BitField\BitField\Debug\link.3676-rc.read.1.tlog
C:\Users\Владимир\Desktop\VS2012\BitField\BitField\Debug\link.3676-rc.write.1.tlog
C:\Users\Владимир\Desktop\VS2012\BitField\BitField\Debug\link.3676.read.1.tlog
C:\Users\Владимир\Desktop\VS2012\BitField\BitField\Debug\link.3676.write.1.tlog
C:\Users\Владимир\Desktop\VS2012\BitField\BitField\Debug\link.3784-cvtres.read.1.tlog
C:\Users\Владимир\Desktop\VS2012\BitField\BitField\Debug\link.3784-cvtres.write.1.tlog
C:\Users\Владимир\Desktop\VS2012\BitField\BitField\Debug\link.3784-rc.read.1.tlog
C:\Users\Владимир\Desktop\VS2012\BitField\BitField\Debug\link.3784-rc.write.1.tlog
C:\Users\Владимир\Desktop\VS2012\BitField\BitField\Debug\link.3784.read.1.tlog
C:\Users\Владимир\Desktop\VS2012\BitField\BitField\Debug\link.3784.write.1.tlog
C:\Users\Владимир\Desktop\VS2012\BitField\BitField\Debug\link.6460-cvtres.read.1.tlog
C:\Users\Владимир\Desktop\VS2012\BitField\BitField\Debug\link.6460-cvtres.write.1.tlog
C:\Users\Владимир\Desktop\VS2012\BitField\BitField\Debug\link.6460-rc.read.1.tlog
C:\Users\Владимир\Desktop\VS2012\BitField\BitField\Debug\link.6460-rc.write.1.tlog
C:\Users\Владимир\Desktop\VS2012\BitField\BitField\Debug\link.6460.read.1.tlog
C:\Users\Владимир\Desktop\VS2012\BitField\BitField\Debug\link.6460.write.1.tlog
C:\Users\Владимир\Desktop\VS2012\BitField\BitField\Debug\link.6788-cvtres.read.1.tlog
C:\Users\Владимир\Desktop\VS2012\BitField\BitField\Debug\link.6788-cvtres.write.1.tlog
C:\Users\Владимир\Desktop\VS2012\BitField\BitField\Debug\link.6788-rc.read.1.tlog
C:\Users\Владимир\Desktop\VS2012\BitField\BitField\Debug\link.6788-rc.write.1.tlog
C:\Users\Владимир\Desktop\VS2012\BitField\BitField\Debug\link.6788.read.1.tlog
C:\Users\Владимир\Desktop\VS2012\BitField\BitField\Debug\link.6788.write.1.tlog
C:\Users\Владимир\Desktop\VS2012\BitField\BitField\Debug\link.8992-cvtres.read.1.tlog
C:\Users\Владимир\Desktop\VS2012\BitField\BitField\Debug\link.8992-cvtres.write.1.tlog
C:\Users\Владимир\Desktop\VS2012\BitField\BitField\Debug\link.8992-rc.read.1.tlog
C:\Users\Владимир\Desktop\VS2012\BitField\BitField\Debug\link.8992-rc.write.1.tlog
C:\Users\Владимир\Desktop\VS2012\BitField\BitField\Debug\link.8992.read.1.tlog
C:\Users\Владимир\Desktop\VS2012\BitField\BitField\Debug\link.8992.write.1.tlog
C:\Users\Владимир\Desktop\VS2012\BitField\BitField\Debug\link.9124-cvtres.read.1.tlog
C:\Users\Владимир\Desktop\VS2012\BitField\BitField\Debug\link.9124-cvtres.write.1.tlog
C:\Users\Владимир\Desktop\VS2012\BitField\BitField\Debug\link.9124-rc.read.1.tlog
C:\Users\Владимир\Desktop\VS2012\BitField\BitField\Debug\link.9124-rc.write.1.tlog
C:\Users\Владимир\Desktop\VS2012\BitField\BitField\Debug\link.9124.read.1.tlog
C:\Users\Владимир\Desktop\VS2012\BitField\BitField\Debug\link.9124.write.1.tlog
C:\Users\Владимир\Desktop\VS2012\BitField\BitField\Debug\link.9188-cvtres.read.1.tlog
C:\Users\Владимир\Desktop\VS2012\BitField\BitField\Debug\link.9188-cvtres.write.1.tlog
C:\Users\Владимир\Desktop\VS2012\BitField\BitField\Debug\link.9188-rc.read.1.tlog
C:\Users\Владимир\Desktop\VS2012\BitField\BitField\Debug\link.9188-rc.write.1.tlog
C:\Users\Владимир\Desktop\VS2012\BitField\BitField\Debug\link.9188.read.1.tlog
C:\Users\Владимир\Desktop\VS2012\BitField\BitField\Debug\link.9188.write.1.tlog
C:\Users\Владимир\Desktop\VS2012\BitField\BitField\Debug\link.9944-cvtres.read.1.tlog
C:\Users\Владимир\Desktop\VS2012\BitField\BitField\Debug\link.9944-cvtres.write.1.tlog
C:\Users\Владимир\Desktop\VS2012\BitField\BitField\Debug\link.9944-rc.read.1.tlog
C:\Users\Владимир\Desktop\VS2012\BitField\BitField\Debug\link.9944-rc.write.1.tlog
C:\Users\Владимир\Desktop\VS2012\BitField\BitField\Debug\link.9944.read.1.tlog
C:\Users\Владимир\Desktop\VS2012\BitField\BitField\Debug\link.9944.write.1.tlog
C:\Users\Владимир\Desktop\VS2012\BitField\BitField\Debug\link.command.1.tlog
C:\Users\Владимир\Desktop\VS2012\BitField\BitField\Debug\link.read.1.tlog
C:\Users\Владимир\Desktop\VS2012\BitField\BitField\Debug\link.write.1.tlog
C:\Users\Владимир\Desktop\VS2012\BitField\BitField\Debug\vc110.idb
C:\Users\Владимир\Desktop\VS2012\BitField\BitField\Debug\vc110.pdb
C:\Users\Владимир\Desktop\VS2012\BitField\Debug\BitField.pdb
C:\Users\Владимир\Desktop\VS2012\BitField\Debug\BitField.exe
C:\Users\Владимир\Desktop\VS2012\BitField\Debug\BitField.ilk
