Build started 10.08.2015 19:26:42.
     1>Project "C:\Users\Владимир\Desktop\VS2012 desktop\polimorf\polimorf\polimorf.vcxproj" on node 2 (Build target(s)).
     1>ClCompile:
         D:\VS2013\VC\bin\CL.exe /c /ZI /nologo /W3 /WX- /Od /Oy- /D WIN32 /D _DEBUG /D _CONSOLE /D _UNICODE /D UNICODE /Gm /EHsc /RTC1 /MDd /GS /fp:precise /Zc:wchar_t /Zc:forScope /Fo"Debug\\" /Fd"Debug\vc120.pdb" /Gd /TP /analyze- /errorReport:prompt cirkle.cpp figur.cpp main.cpp rect.cpp triangle.cpp
         triangle.cpp
         rect.cpp
         main.cpp
         figur.cpp
         cirkle.cpp
         Generating Code...
       Link:
         D:\VS2013\VC\bin\link.exe /ERRORREPORT:PROMPT /OUT:"C:\Users\Владимир\Desktop\VS2012 desktop\polimorf\Debug\polimorf.exe" /INCREMENTAL /NOLOGO kernel32.lib user32.lib gdi32.lib winspool.lib comdlg32.lib advapi32.lib shell32.lib ole32.lib oleaut32.lib uuid.lib odbc32.lib odbccp32.lib /MANIFEST /MANIFESTUAC:"level='asInvoker' uiAccess='false'" /manifest:embed /DEBUG /PDB:"C:\Users\Владимир\Desktop\VS2012 desktop\polimorf\Debug\polimorf.pdb" /SUBSYSTEM:CONSOLE /TLBID:1 /DYNAMICBASE /NXCOMPAT /IMPLIB:"C:\Users\Владимир\Desktop\VS2012 desktop\polimorf\Debug\polimorf.lib" /MACHINE:X86 Debug\cirkle.obj
         Debug\figur.obj
         Debug\main.obj
         Debug\rect.obj
         Debug\triangle.obj
         polimorf.vcxproj -> C:\Users\Владимир\Desktop\VS2012 desktop\polimorf\Debug\polimorf.exe
     1>Done Building Project "C:\Users\Владимир\Desktop\VS2012 desktop\polimorf\polimorf\polimorf.vcxproj" (Build target(s)).

Build succeeded.

Time Elapsed 00:00:04.21
