C:\USERS\Владимир\DESKTOP\VS2012 DESKTOP\MASS\MASS\DEBUG\MAIN.OBJ
C:\USERS\ВЛАДИМИР\DESKTOP\VS2012 DESKTOP\MASS\MASS\DEBUG\VC110.PDB
C:\USERS\Владимир\DESKTOP\VS2012 DESKTOP\MASS\DEBUG\MASS.ILK
C:\USERS\Владимир\DESKTOP\VS2012 DESKTOP\MASS\DEBUG\MASS.EXE
C:\USERS\ВЛАДИМИР\DESKTOP\VS2012 DESKTOP\MASS\DEBUG\MASS.PDB
C:\Users\Владимир\Desktop\VS2012 desktop\mass\mass\Debug\main.obj
C:\Users\Владимир\Desktop\VS2012 desktop\mass\mass\Debug\cl.command.1.tlog
C:\Users\Владимир\Desktop\VS2012 desktop\mass\mass\Debug\CL.read.1.tlog
C:\Users\Владимир\Desktop\VS2012 desktop\mass\mass\Debug\CL.write.1.tlog
C:\Users\Владимир\Desktop\VS2012 desktop\mass\mass\Debug\link-cvtres.read.1.tlog
C:\Users\Владимир\Desktop\VS2012 desktop\mass\mass\Debug\link-cvtres.write.1.tlog
C:\Users\Владимир\Desktop\VS2012 desktop\mass\mass\Debug\link-rc.read.1.tlog
C:\Users\Владимир\Desktop\VS2012 desktop\mass\mass\Debug\link-rc.write.1.tlog
C:\Users\Владимир\Desktop\VS2012 desktop\mass\mass\Debug\link.command.1.tlog
C:\Users\Владимир\Desktop\VS2012 desktop\mass\mass\Debug\link.read.1.tlog
C:\Users\Владимир\Desktop\VS2012 desktop\mass\mass\Debug\link.write.1.tlog
C:\Users\Владимир\Desktop\VS2012 desktop\mass\mass\Debug\vc110.idb
C:\Users\Владимир\Desktop\VS2012 desktop\mass\mass\Debug\vc110.pdb
C:\Users\Владимир\Desktop\VS2012 desktop\mass\Debug\mass.pdb
C:\Users\Владимир\Desktop\VS2012 desktop\mass\Debug\mass.exe
C:\Users\Владимир\Desktop\VS2012 desktop\mass\Debug\mass.ilk
